<?xml version="1.0" encoding="UTF-8"?>
<!-- Generated by org.testng.reporters.JUnitXMLReporter -->
<testsuite ignored="0" hostname="Sunny_lappy" failures="0" tests="3" name="Default test" time="6.397" errors="0" timestamp="2024-02-24T17:55:14 EST">
  <testcase classname="RestAssuredPractice.LibraryAPI" name="addBook" time="3.888"/>
  <testcase classname="RestAssuredPractice.LibraryAPI" name="addBook" time="1.204"/>
  <testcase classname="RestAssuredPractice.LibraryAPI" name="addBook" time="1.209"/>
</testsuite> <!-- Default test -->
