<?xml version="1.0" encoding="UTF-8"?>
<testng-results ignored="0" total="3" passed="3" failed="0" skipped="0">
  <reporter-output>
  </reporter-output>
  <suite started-at="2024-02-24T17:55:08 EST" name="Default suite" finished-at="2024-02-24T17:55:14 EST" duration-ms="6397">
    <groups>
    </groups>
    <test started-at="2024-02-24T17:55:08 EST" name="Default test" finished-at="2024-02-24T17:55:14 EST" duration-ms="6397">
      <class name="RestAssuredPractice.LibraryAPI">
        <test-method signature="addBook(java.lang.String,java.lang.String)[pri:0, instance:RestAssuredPractice.LibraryAPI@17497425]" started-at="2024-02-24T17:55:08 EST" name="addBook" data-provider="BooksData" finished-at="2024-02-24T17:55:12 EST" duration-ms="3888" status="PASS">
          <params>
            <param index="0">
              <value>
                <![CDATA[sshhe]]>
              </value>
            </param>
            <param index="1">
              <value>
                <![CDATA[7843]]>
              </value>
            </param>
          </params>
          <reporter-output>
          </reporter-output>
        </test-method> <!-- addBook -->
        <test-method signature="addBook(java.lang.String,java.lang.String)[pri:0, instance:RestAssuredPractice.LibraryAPI@17497425]" started-at="2024-02-24T17:55:12 EST" name="addBook" data-provider="BooksData" finished-at="2024-02-24T17:55:13 EST" duration-ms="1204" status="PASS">
          <params>
            <param index="0">
              <value>
                <![CDATA[agsfl]]>
              </value>
            </param>
            <param index="1">
              <value>
                <![CDATA[2139]]>
              </value>
            </param>
          </params>
          <reporter-output>
          </reporter-output>
        </test-method> <!-- addBook -->
        <test-method signature="addBook(java.lang.String,java.lang.String)[pri:0, instance:RestAssuredPractice.LibraryAPI@17497425]" started-at="2024-02-24T17:55:13 EST" name="addBook" data-provider="BooksData" finished-at="2024-02-24T17:55:14 EST" duration-ms="1209" status="PASS">
          <params>
            <param index="0">
              <value>
                <![CDATA[podi]]>
              </value>
            </param>
            <param index="1">
              <value>
                <![CDATA[9012]]>
              </value>
            </param>
          </params>
          <reporter-output>
          </reporter-output>
        </test-method> <!-- addBook -->
      </class> <!-- RestAssuredPractice.LibraryAPI -->
    </test> <!-- Default test -->
  </suite> <!-- Default suite -->
</testng-results>
